[     753ms] [INFO] %cDownload the React DevTools for a better development experience: https://react.dev/link/react-devtools font-weight:bold @ http://localhost:3002/_next/static/chunks/node_modules_next_dist_1ybzpk2._.js:2477
[     841ms] [LOG] [HMR] connected @ http://localhost:3002/_next/static/chunks/node_modules_next_dist_1ybzpk2._.js:2477
[    1057ms] [WARNING] THREE.Clock: This module has been deprecated. Please use THREE.Timer instead. @ http://localhost:3002/_next/static/chunks/node_modules_next_dist_1ybzpk2._.js:2477
[   82064ms] [LOG] [Fast Refresh] rebuilding @ http://localhost:3002/_next/static/chunks/node_modules_next_dist_1ybzpk2._.js:2477
[   82127ms] [LOG] [Fast Refresh] done in 166ms @ http://localhost:3002/_next/static/chunks/node_modules_next_dist_1ybzpk2._.js:2477
[   96081ms] [LOG] [Fast Refresh] rebuilding @ http://localhost:3002/_next/static/chunks/node_modules_next_dist_1ybzpk2._.js:2477
[   96102ms] [LOG] [Fast Refresh] done in 121ms @ http://localhost:3002/_next/static/chunks/node_modules_next_dist_1ybzpk2._.js:2477
[   96208ms] [LOG] [Fast Refresh] rebuilding @ http://localhost:3002/_next/static/chunks/node_modules_next_dist_1ybzpk2._.js:2477
[   96743ms] [LOG] [Fast Refresh] done in 581ms @ http://localhost:3002/_next/static/chunks/node_modules_next_dist_1ybzpk2._.js:2477
[   96747ms] TypeError: Cannot set properties of undefined (setting 'value')
    at DitheredWaves.useFrame [as current] (http://localhost:3002/_next/static/chunks/app_components_Dither_tsx_07v9lag._.js?id=%255Bproject%255D%252Fapp%252Fcomponents%252FDither.tsx+%255Bapp-client%255D+%2528ecmascript%2529:160:30)
    at update (http://localhost:3002/_next/static/chunks/node_modules_%40react-three_fiber_dist_0ihz_3s._.js:15260:26)
    at loop (http://localhost:3002/_next/static/chunks/node_modules_%40react-three_fiber_dist_0ihz_3s._.js:15286:23)
[   96836ms] TypeError: Cannot set properties of undefined (setting 'value')
    at DitheredWaves.useFrame [as current] (http://localhost:3002/_next/static/chunks/app_components_Dither_tsx_07v9lag._.js?id=%255Bproject%255D%252Fapp%252Fcomponents%252FDither.tsx+%255Bapp-client%255D+%2528ecmascript%2529:160:30)
    at update (http://localhost:3002/_next/static/chunks/node_modules_%40react-three_fiber_dist_0ihz_3s._.js:15260:26)
    at loop (http://localhost:3002/_next/static/chunks/node_modules_%40react-three_fiber_dist_0ihz_3s._.js:15286:23)
[   96855ms] TypeError: Cannot set properties of undefined (setting 'value')
    at DitheredWaves.useFrame [as current] (http://localhost:3002/_next/static/chunks/app_components_Dither_tsx_07v9lag._.js?id=%255Bproject%255D%252Fapp%252Fcomponents%252FDither.tsx+%255Bapp-client%255D+%2528ecmascript%2529:160:30)
    at update (http://localhost:3002/_next/static/chunks/node_modules_%40react-three_fiber_dist_0ihz_3s._.js:15260:26)
    at loop (http://localhost:3002/_next/static/chunks/node_modules_%40react-three_fiber_dist_0ihz_3s._.js:15286:23)
[   96857ms] [LOG] [Fast Refresh] rebuilding @ http://localhost:3002/_next/static/chunks/node_modules_next_dist_1ybzpk2._.js:2477
[   96869ms] TypeError: Cannot set properties of undefined (setting 'value')
    at DitheredWaves.useFrame [as current] (http://localhost:3002/_next/static/chunks/app_components_Dither_tsx_07v9lag._.js?id=%255Bproject%255D%252Fapp%252Fcomponents%252FDither.tsx+%255Bapp-client%255D+%2528ecmascript%2529:160:30)
    at update (http://localhost:3002/_next/static/chunks/node_modules_%40react-three_fiber_dist_0ihz_3s._.js:15260:26)
    at loop (http://localhost:3002/_next/static/chunks/node_modules_%40react-three_fiber_dist_0ihz_3s._.js:15286:23)
[   96896ms] TypeError: Cannot set properties of undefined (setting 'value')
    at DitheredWaves.useFrame [as current] (http://localhost:3002/_next/static/chunks/app_components_Dither_tsx_07v9lag._.js?id=%255Bproject%255D%252Fapp%252Fcomponents%252FDither.tsx+%255Bapp-client%255D+%2528ecmascript%2529:160:30)
    at update (http://localhost:3002/_next/static/chunks/node_modules_%40react-three_fiber_dist_0ihz_3s._.js:15260:26)
    at loop (http://localhost:3002/_next/static/chunks/node_modules_%40react-three_fiber_dist_0ihz_3s._.js:15286:23)
[   96906ms] TypeError: Cannot set properties of undefined (setting 'value')
    at DitheredWaves.useFrame [as current] (http://localhost:3002/_next/static/chunks/app_components_Dither_tsx_07v9lag._.js?id=%255Bproject%255D%252Fapp%252Fcomponents%252FDither.tsx+%255Bapp-client%255D+%2528ecmascript%2529:160:30)
    at update (http://localhost:3002/_next/static/chunks/node_modules_%40react-three_fiber_dist_0ihz_3s._.js:15260:26)
    at loop (http://localhost:3002/_next/static/chunks/node_modules_%40react-three_fiber_dist_0ihz_3s._.js:15286:23)
[   96920ms] TypeError: Cannot set properties of undefined (setting 'value')
    at DitheredWaves.useFrame [as current] (http://localhost:3002/_next/static/chunks/app_components_Dither_tsx_07v9lag._.js?id=%255Bproject%255D%252Fapp%252Fcomponents%252FDither.tsx+%255Bapp-client%255D+%2528ecmascript%2529:160:30)
    at update (http://localhost:3002/_next/static/chunks/node_modules_%40react-three_fiber_dist_0ihz_3s._.js:15260:26)
    at loop (http://localhost:3002/_next/static/chunks/node_modules_%40react-three_fiber_dist_0ihz_3s._.js:15286:23)
[   96934ms] TypeError: Cannot set properties of undefined (setting 'value')
    at DitheredWaves.useFrame [as current] (http://localhost:3002/_next/static/chunks/app_components_Dither_tsx_07v9lag._.js?id=%255Bproject%255D%252Fapp%252Fcomponents%252FDither.tsx+%255Bapp-client%255D+%2528ecmascript%2529:160:30)
    at update (http://localhost:3002/_next/static/chunks/node_modules_%40react-three_fiber_dist_0ihz_3s._.js:15260:26)
    at loop (http://localhost:3002/_next/static/chunks/node_modules_%40react-three_fiber_dist_0ihz_3s._.js:15286:23)
[   96947ms] TypeError: Cannot set properties of undefined (setting 'value')
    at DitheredWaves.useFrame [as current] (http://localhost:3002/_next/static/chunks/app_components_Dither_tsx_07v9lag._.js?id=%255Bproject%255D%252Fapp%252Fcomponents%252FDither.tsx+%255Bapp-client%255D+%2528ecmascript%2529:160:30)
    at update (http://localhost:3002/_next/static/chunks/node_modules_%40react-three_fiber_dist_0ihz_3s._.js:15260:26)
    at loop (http://localhost:3002/_next/static/chunks/node_modules_%40react-three_fiber_dist_0ihz_3s._.js:15286:23)
[   96960ms] TypeError: Cannot set properties of undefined (setting 'value')
    at DitheredWaves.useFrame [as current] (http://localhost:3002/_next/static/chunks/app_components_Dither_tsx_07v9lag._.js?id=%255Bproject%255D%252Fapp%252Fcomponents%252FDither.tsx+%255Bapp-client%255D+%2528ecmascript%2529:160:30)
    at update (http://localhost:3002/_next/static/chunks/node_modules_%40react-three_fiber_dist_0ihz_3s._.js:15260:26)
    at loop (http://localhost:3002/_next/static/chunks/node_modules_%40react-three_fiber_dist_0ihz_3s._.js:15286:23)
[   96973ms] TypeError: Cannot set properties of undefined (setting 'value')
    at DitheredWaves.useFrame [as current] (http://localhost:3002/_next/static/chunks/app_components_Dither_tsx_07v9lag._.js?id=%255Bproject%255D%252Fapp%252Fcomponents%252FDither.tsx+%255Bapp-client%255D+%2528ecmascript%2529:160:30)
    at update (http://localhost:3002/_next/static/chunks/node_modules_%40react-three_fiber_dist_0ihz_3s._.js:15260:26)
    at loop (http://localhost:3002/_next/static/chunks/node_modules_%40react-three_fiber_dist_0ihz_3s._.js:15286:23)
[   96986ms] TypeError: Cannot set properties of undefined (setting 'value')
    at DitheredWaves.useFrame [as current] (http://localhost:3002/_next/static/chunks/app_components_Dither_tsx_07v9lag._.js?id=%255Bproject%255D%252Fapp%252Fcomponents%252FDither.tsx+%255Bapp-client%255D+%2528ecmascript%2529:160:30)
    at update (http://localhost:3002/_next/static/chunks/node_modules_%40react-three_fiber_dist_0ihz_3s._.js:15260:26)
    at loop (http://localhost:3002/_next/static/chunks/node_modules_%40react-three_fiber_dist_0ihz_3s._.js:15286:23)
[   96999ms] TypeError: Cannot set properties of undefined (setting 'value')
    at DitheredWaves.useFrame [as current] (http://localhost:3002/_next/static/chunks/app_components_Dither_tsx_07v9lag._.js?id=%255Bproject%255D%252Fapp%252Fcomponents%252FDither.tsx+%255Bapp-client%255D+%2528ecmascript%2529:160:30)
    at update (http://localhost:3002/_next/static/chunks/node_modules_%40react-three_fiber_dist_0ihz_3s._.js:15260:26)
    at loop (http://localhost:3002/_next/static/chunks/node_modules_%40react-three_fiber_dist_0ihz_3s._.js:15286:23)
[   97013ms] TypeError: Cannot set properties of undefined (setting 'value')
    at DitheredWaves.useFrame [as current] (http://localhost:3002/_next/static/chunks/app_components_Dither_tsx_07v9lag._.js?id=%255Bproject%255D%252Fapp%252Fcomponents%252FDither.tsx+%255Bapp-client%255D+%2528ecmascript%2529:160:30)
    at update (http://localhost:3002/_next/static/chunks/node_modules_%40react-three_fiber_dist_0ihz_3s._.js:15260:26)
    at loop (http://localhost:3002/_next/static/chunks/node_modules_%40react-three_fiber_dist_0ihz_3s._.js:15286:23)
[   97026ms] TypeError: Cannot set properties of undefined (setting 'value')
    at DitheredWaves.useFrame [as current] (http://localhost:3002/_next/static/chunks/app_components_Dither_tsx_07v9lag._.js?id=%255Bproject%255D%252Fapp%252Fcomponents%252FDither.tsx+%255Bapp-client%255D+%2528ecmascript%2529:160:30)
    at update (http://localhost:3002/_next/static/chunks/node_modules_%40react-three_fiber_dist_0ihz_3s._.js:15260:26)
    at loop (http://localhost:3002/_next/static/chunks/node_modules_%40react-three_fiber_dist_0ihz_3s._.js:15286:23)
[   97040ms] TypeError: Cannot set properties of undefined (setting 'value')
    at DitheredWaves.useFrame [as current] (http://localhost:3002/_next/static/chunks/app_components_Dither_tsx_07v9lag._.js?id=%255Bproject%255D%252Fapp%252Fcomponents%252FDither.tsx+%255Bapp-client%255D+%2528ecmascript%2529:160:30)
    at update (http://localhost:3002/_next/static/chunks/node_modules_%40react-three_fiber_dist_0ihz_3s._.js:15260:26)
    at loop (http://localhost:3002/_next/static/chunks/node_modules_%40react-three_fiber_dist_0ihz_3s._.js:15286:23)
[   97053ms] TypeError: Cannot set properties of undefined (setting 'value')
    at DitheredWaves.useFrame [as current] (http://localhost:3002/_next/static/chunks/app_components_Dither_tsx_07v9lag._.js?id=%255Bproject%255D%252Fapp%252Fcomponents%252FDither.tsx+%255Bapp-client%255D+%2528ecmascript%2529:160:30)
    at update (http://localhost:3002/_next/static/chunks/node_modules_%40react-three_fiber_dist_0ihz_3s._.js:15260:26)
    at loop (http://localhost:3002/_next/static/chunks/node_modules_%40react-three_fiber_dist_0ihz_3s._.js:15286:23)
[   97066ms] TypeError: Cannot set properties of undefined (setting 'value')
    at DitheredWaves.useFrame [as current] (http://localhost:3002/_next/static/chunks/app_components_Dither_tsx_07v9lag._.js?id=%255Bproject%255D%252Fapp%252Fcomponents%252FDither.tsx+%255Bapp-client%255D+%2528ecmascript%2529:160:30)
    at update (http://localhost:3002/_next/static/chunks/node_modules_%40react-three_fiber_dist_0ihz_3s._.js:15260:26)
    at loop (http://localhost:3002/_next/static/chunks/node_modules_%40react-three_fiber_dist_0ihz_3s._.js:15286:23)
[   97079ms] TypeError: Cannot set properties of undefined (setting 'value')
    at DitheredWaves.useFrame [as current] (http://localhost:3002/_next/static/chunks/app_components_Dither_tsx_07v9lag._.js?id=%255Bproject%255D%252Fapp%252Fcomponents%252FDither.tsx+%255Bapp-client%255D+%2528ecmascript%2529:160:30)
    at update (http://localhost:3002/_next/static/chunks/node_modules_%40react-three_fiber_dist_0ihz_3s._.js:15260:26)
    at loop (http://localhost:3002/_next/static/chunks/node_modules_%40react-three_fiber_dist_0ihz_3s._.js:15286:23)
[   97087ms] [LOG] [Fast Refresh] done in 334ms @ http://localhost:3002/_next/static/chunks/node_modules_next_dist_1ybzpk2._.js:2477
[   97093ms] TypeError: Cannot set properties of undefined (setting 'value')
    at DitheredWaves.useFrame [as current] (http://localhost:3002/_next/static/chunks/app_components_Dither_tsx_07v9lag._.js?id=%255Bproject%255D%252Fapp%252Fcomponents%252FDither.tsx+%255Bapp-client%255D+%2528ecmascript%2529:160:30)
    at update (http://localhost:3002/_next/static/chunks/node_modules_%40react-three_fiber_dist_0ihz_3s._.js:15260:26)
    at loop (http://localhost:3002/_next/static/chunks/node_modules_%40react-three_fiber_dist_0ihz_3s._.js:15286:23)
[   97107ms] TypeError: Cannot set properties of undefined (setting 'value')
    at DitheredWaves.useFrame [as current] (http://localhost:3002/_next/static/chunks/app_components_Dither_tsx_07v9lag._.js?id=%255Bproject%255D%252Fapp%252Fcomponents%252FDither.tsx+%255Bapp-client%255D+%2528ecmascript%2529:160:30)
    at update (http://localhost:3002/_next/static/chunks/node_modules_%40react-three_fiber_dist_0ihz_3s._.js:15260:26)
    at loop (http://localhost:3002/_next/static/chunks/node_modules_%40react-three_fiber_dist_0ihz_3s._.js:15286:23)
[   97119ms] TypeError: Cannot set properties of undefined (setting 'value')
    at DitheredWaves.useFrame [as current] (http://localhost:3002/_next/static/chunks/app_components_Dither_tsx_07v9lag._.js?id=%255Bproject%255D%252Fapp%252Fcomponents%252FDither.tsx+%255Bapp-client%255D+%2528ecmascript%2529:160:30)
    at update (http://localhost:3002/_next/static/chunks/node_modules_%40react-three_fiber_dist_0ihz_3s._.js:15260:26)
    at loop (http://localhost:3002/_next/static/chunks/node_modules_%40react-three_fiber_dist_0ihz_3s._.js:15286:23)
[   97133ms] TypeError: Cannot set properties of undefined (setting 'value')
    at DitheredWaves.useFrame [as current] (http://localhost:3002/_next/static/chunks/app_components_Dither_tsx_07v9lag._.js?id=%255Bproject%255D%252Fapp%252Fcomponents%252FDither.tsx+%255Bapp-client%255D+%2528ecmascript%2529:160:30)
    at update (http://localhost:3002/_next/static/chunks/node_modules_%40react-three_fiber_dist_0ihz_3s._.js:15260:26)
    at loop (http://localhost:3002/_next/static/chunks/node_modules_%40react-three_fiber_dist_0ihz_3s._.js:15286:23)
[   97147ms] TypeError: Cannot set properties of undefined (setting 'value')
    at DitheredWaves.useFrame [as current] (http://localhost:3002/_next/static/chunks/app_components_Dither_tsx_07v9lag._.js?id=%255Bproject%255D%252Fapp%252Fcomponents%252FDither.tsx+%255Bapp-client%255D+%2528ecmascript%2529:160:30)
    at update (http://localhost:3002/_next/static/chunks/node_modules_%40react-three_fiber_dist_0ihz_3s._.js:15260:26)
    at loop (http://localhost:3002/_next/static/chunks/node_modules_%40react-three_fiber_dist_0ihz_3s._.js:15286:23)
[   97159ms] TypeError: Cannot set properties of undefined (setting 'value')
    at DitheredWaves.useFrame [as current] (http://localhost:3002/_next/static/chunks/app_components_Dither_tsx_07v9lag._.js?id=%255Bproject%255D%252Fapp%252Fcomponents%252FDither.tsx+%255Bapp-client%255D+%2528ecmascript%2529:160:30)
    at update (http://localhost:3002/_next/static/chunks/node_modules_%40react-three_fiber_dist_0ihz_3s._.js:15260:26)
    at loop (http://localhost:3002/_next/static/chunks/node_modules_%40react-three_fiber_dist_0ihz_3s._.js:15286:23)
[   97174ms] TypeError: Cannot set properties of undefined (setting 'value')
    at DitheredWaves.useFrame [as current] (http://localhost:3002/_next/static/chunks/app_components_Dither_tsx_07v9lag._.js?id=%255Bproject%255D%252Fapp%252Fcomponents%252FDither.tsx+%255Bapp-client%255D+%2528ecmascript%2529:160:30)
    at update (http://localhost:3002/_next/static/chunks/node_modules_%40react-three_fiber_dist_0ihz_3s._.js:15260:26)
    at loop (http://localhost:3002/_next/static/chunks/node_modules_%40react-three_fiber_dist_0ihz_3s._.js:15286:23)
[   97193ms] TypeError: Cannot set properties of undefined (setting 'value')
    at DitheredWaves.useFrame [as current] (http://localhost:3002/_next/static/chunks/app_components_Dither_tsx_07v9lag._.js?id=%255Bproject%255D%252Fapp%252Fcomponents%252FDither.tsx+%255Bapp-client%255D+%2528ecmascript%2529:160:30)
    at update (http://localhost:3002/_next/static/chunks/node_modules_%40react-three_fiber_dist_0ihz_3s._.js:15260:26)
    at loop (http://localhost:3002/_next/static/chunks/node_modules_%40react-three_fiber_dist_0ihz_3s._.js:15286:23)
[   97203ms] TypeError: Cannot set properties of undefined (setting 'value')
    at DitheredWaves.useFrame [as current] (http://localhost:3002/_next/static/chunks/app_components_Dither_tsx_07v9lag._.js?id=%255Bproject%255D%252Fapp%252Fcomponents%252FDither.tsx+%255Bapp-client%255D+%2528ecmascript%2529:160:30)
    at update (http://localhost:3002/_next/static/chunks/node_modules_%40react-three_fiber_dist_0ihz_3s._.js:15260:26)
    at loop (http://localhost:3002/_next/static/chunks/node_modules_%40react-three_fiber_dist_0ihz_3s._.js:15286:23)
[   97217ms] TypeError: Cannot set properties of undefined (setting 'value')
    at DitheredWaves.useFrame [as current] (http://localhost:3002/_next/static/chunks/app_components_Dither_tsx_07v9lag._.js?id=%255Bproject%255D%252Fapp%252Fcomponents%252FDither.tsx+%255Bapp-client%255D+%2528ecmascript%2529:160:30)
    at update (http://localhost:3002/_next/static/chunks/node_modules_%40react-three_fiber_dist_0ihz_3s._.js:15260:26)
    at loop (http://localhost:3002/_next/static/chunks/node_modules_%40react-three_fiber_dist_0ihz_3s._.js:15286:23)
[   97226ms] TypeError: Cannot set properties of undefined (setting 'value')
    at DitheredWaves.useFrame [as current] (http://localhost:3002/_next/static/chunks/app_components_Dither_tsx_07v9lag._.js?id=%255Bproject%255D%252Fapp%252Fcomponents%252FDither.tsx+%255Bapp-client%255D+%2528ecmascript%2529:160:30)
    at update (http://localhost:3002/_next/static/chunks/node_modules_%40react-three_fiber_dist_0ihz_3s._.js:15260:26)
    at loop (http://localhost:3002/_next/static/chunks/node_modules_%40react-three_fiber_dist_0ihz_3s._.js:15286:23)
[   97240ms] TypeError: Cannot set properties of undefined (setting 'value')
    at DitheredWaves.useFrame [as current] (http://localhost:3002/_next/static/chunks/app_components_Dither_tsx_07v9lag._.js?id=%255Bproject%255D%252Fapp%252Fcomponents%252FDither.tsx+%255Bapp-client%255D+%2528ecmascript%2529:160:30)
    at update (http://localhost:3002/_next/static/chunks/node_modules_%40react-three_fiber_dist_0ihz_3s._.js:15260:26)
    at loop (http://localhost:3002/_next/static/chunks/node_modules_%40react-three_fiber_dist_0ihz_3s._.js:15286:23)
[   97253ms] TypeError: Cannot set properties of undefined (setting 'value')
    at DitheredWaves.useFrame [as current] (http://localhost:3002/_next/static/chunks/app_components_Dither_tsx_07v9lag._.js?id=%255Bproject%255D%252Fapp%252Fcomponents%252FDither.tsx+%255Bapp-client%255D+%2528ecmascript%2529:160:30)
    at update (http://localhost:3002/_next/static/chunks/node_modules_%40react-three_fiber_dist_0ihz_3s._.js:15260:26)
    at loop (http://localhost:3002/_next/static/chunks/node_modules_%40react-three_fiber_dist_0ihz_3s._.js:15286:23)
[   97266ms] TypeError: Cannot set properties of undefined (setting 'value')
    at DitheredWaves.useFrame [as current] (http://localhost:3002/_next/static/chunks/app_components_Dither_tsx_07v9lag._.js?id=%255Bproject%255D%252Fapp%252Fcomponents%252FDither.tsx+%255Bapp-client%255D+%2528ecmascript%2529:160:30)
    at update (http://localhost:3002/_next/static/chunks/node_modules_%40react-three_fiber_dist_0ihz_3s._.js:15260:26)
    at loop (http://localhost:3002/_next/static/chunks/node_modules_%40react-three_fiber_dist_0ihz_3s._.js:15286:23)
[   97280ms] TypeError: Cannot set properties of undefined (setting 'value')
    at DitheredWaves.useFrame [as current] (http://localhost:3002/_next/static/chunks/app_components_Dither_tsx_07v9lag._.js?id=%255Bproject%255D%252Fapp%252Fcomponents%252FDither.tsx+%255Bapp-client%255D+%2528ecmascript%2529:160:30)
    at update (http://localhost:3002/_next/static/chunks/node_modules_%40react-three_fiber_dist_0ihz_3s._.js:15260:26)
    at loop (http://localhost:3002/_next/static/chunks/node_modules_%40react-three_fiber_dist_0ihz_3s._.js:15286:23)
[   97295ms] TypeError: Cannot set properties of undefined (setting 'value')
    at DitheredWaves.useFrame [as current] (http://localhost:3002/_next/static/chunks/app_components_Dither_tsx_07v9lag._.js?id=%255Bproject%255D%252Fapp%252Fcomponents%252FDither.tsx+%255Bapp-client%255D+%2528ecmascript%2529:160:30)
    at update (http://localhost:3002/_next/static/chunks/node_modules_%40react-three_fiber_dist_0ihz_3s._.js:15260:26)
    at loop (http://localhost:3002/_next/static/chunks/node_modules_%40react-three_fiber_dist_0ihz_3s._.js:15286:23)
[   97306ms] TypeError: Cannot set properties of undefined (setting 'value')
    at DitheredWaves.useFrame [as current] (http://localhost:3002/_next/static/chunks/app_components_Dither_tsx_07v9lag._.js?id=%255Bproject%255D%252Fapp%252Fcomponents%252FDither.tsx+%255Bapp-client%255D+%2528ecmascript%2529:160:30)
    at update (http://localhost:3002/_next/static/chunks/node_modules_%40react-three_fiber_dist_0ihz_3s._.js:15260:26)
    at loop (http://localhost:3002/_next/static/chunks/node_modules_%40react-three_fiber_dist_0ihz_3s._.js:15286:23)
[   97320ms] TypeError: Cannot set properties of undefined (setting 'value')
    at DitheredWaves.useFrame [as current] (http://localhost:3002/_next/static/chunks/app_components_Dither_tsx_07v9lag._.js?id=%255Bproject%255D%252Fapp%252Fcomponents%252FDither.tsx+%255Bapp-client%255D+%2528ecmascript%2529:160:30)
    at update (http://localhost:3002/_next/static/chunks/node_modules_%40react-three_fiber_dist_0ihz_3s._.js:15260:26)
    at loop (http://localhost:3002/_next/static/chunks/node_modules_%40react-three_fiber_dist_0ihz_3s._.js:15286:23)
[   97333ms] TypeError: Cannot set properties of undefined (setting 'value')
    at DitheredWaves.useFrame [as current] (http://localhost:3002/_next/static/chunks/app_components_Dither_tsx_07v9lag._.js?id=%255Bproject%255D%252Fapp%252Fcomponents%252FDither.tsx+%255Bapp-client%255D+%2528ecmascript%2529:160:30)
    at update (http://localhost:3002/_next/static/chunks/node_modules_%40react-three_fiber_dist_0ihz_3s._.js:15260:26)
    at loop (http://localhost:3002/_next/static/chunks/node_modules_%40react-three_fiber_dist_0ihz_3s._.js:15286:23)
[   97347ms] TypeError: Cannot set properties of undefined (setting 'value')
    at DitheredWaves.useFrame [as current] (http://localhost:3002/_next/static/chunks/app_components_Dither_tsx_07v9lag._.js?id=%255Bproject%255D%252Fapp%252Fcomponents%252FDither.tsx+%255Bapp-client%255D+%2528ecmascript%2529:160:30)
    at update (http://localhost:3002/_next/static/chunks/node_modules_%40react-three_fiber_dist_0ihz_3s._.js:15260:26)
    at loop (http://localhost:3002/_next/static/chunks/node_modules_%40react-three_fiber_dist_0ihz_3s._.js:15286:23)
[   97360ms] TypeError: Cannot set properties of undefined (setting 'value')
    at DitheredWaves.useFrame [as current] (http://localhost:3002/_next/static/chunks/app_components_Dither_tsx_07v9lag._.js?id=%255Bproject%255D%252Fapp%252Fcomponents%252FDither.tsx+%255Bapp-client%255D+%2528ecmascript%2529:160:30)
    at update (http://localhost:3002/_next/static/chunks/node_modules_%40react-three_fiber_dist_0ihz_3s._.js:15260:26)
    at loop (http://localhost:3002/_next/static/chunks/node_modules_%40react-three_fiber_dist_0ihz_3s._.js:15286:23)
[   97373ms] TypeError: Cannot set properties of undefined (setting 'value')
    at DitheredWaves.useFrame [as current] (http://localhost:3002/_next/static/chunks/app_components_Dither_tsx_07v9lag._.js?id=%255Bproject%255D%252Fapp%252Fcomponents%252FDither.tsx+%255Bapp-client%255D+%2528ecmascript%2529:160:30)
    at update (http://localhost:3002/_next/static/chunks/node_modules_%40react-three_fiber_dist_0ihz_3s._.js:15260:26)
    at loop (http://localhost:3002/_next/static/chunks/node_modules_%40react-three_fiber_dist_0ihz_3s._.js:15286:23)
[   97386ms] TypeError: Cannot set properties of undefined (setting 'value')
    at DitheredWaves.useFrame [as current] (http://localhost:3002/_next/static/chunks/app_components_Dither_tsx_07v9lag._.js?id=%255Bproject%255D%252Fapp%252Fcomponents%252FDither.tsx+%255Bapp-client%255D+%2528ecmascript%2529:160:30)
    at update (http://localhost:3002/_next/static/chunks/node_modules_%40react-three_fiber_dist_0ihz_3s._.js:15260:26)
    at loop (http://localhost:3002/_next/static/chunks/node_modules_%40react-three_fiber_dist_0ihz_3s._.js:15286:23)
[   97400ms] TypeError: Cannot set properties of undefined (setting 'value')
    at DitheredWaves.useFrame [as current] (http://localhost:3002/_next/static/chunks/app_components_Dither_tsx_07v9lag._.js?id=%255Bproject%255D%252Fapp%252Fcomponents%252FDither.tsx+%255Bapp-client%255D+%2528ecmascript%2529:160:30)
    at update (http://localhost:3002/_next/static/chunks/node_modules_%40react-three_fiber_dist_0ihz_3s._.js:15260:26)
    at loop (http://localhost:3002/_next/static/chunks/node_modules_%40react-three_fiber_dist_0ihz_3s._.js:15286:23)
[   97413ms] TypeError: Cannot set properties of undefined (setting 'value')
    at DitheredWaves.useFrame [as current] (http://localhost:3002/_next/static/chunks/app_components_Dither_tsx_07v9lag._.js?id=%255Bproject%255D%252Fapp%252Fcomponents%252FDither.tsx+%255Bapp-client%255D+%2528ecmascript%2529:160:30)
    at update (http://localhost:3002/_next/static/chunks/node_modules_%40react-three_fiber_dist_0ihz_3s._.js:15260:26)
    at loop (http://localhost:3002/_next/static/chunks/node_modules_%40react-three_fiber_dist_0ihz_3s._.js:15286:23)
[   97426ms] TypeError: Cannot set properties of undefined (setting 'value')
    at DitheredWaves.useFrame [as current] (http://localhost:3002/_next/static/chunks/app_components_Dither_tsx_07v9lag._.js?id=%255Bproject%255D%252Fapp%252Fcomponents%252FDither.tsx+%255Bapp-client%255D+%2528ecmascript%2529:160:30)
    at update (http://localhost:3002/_next/static/chunks/node_modules_%40react-three_fiber_dist_0ihz_3s._.js:15260:26)
    at loop (http://localhost:3002/_next/static/chunks/node_modules_%40react-three_fiber_dist_0ihz_3s._.js:15286:23)
[   97440ms] TypeError: Cannot set properties of undefined (setting 'value')
    at DitheredWaves.useFrame [as current] (http://localhost:3002/_next/static/chunks/app_components_Dither_tsx_07v9lag._.js?id=%255Bproject%255D%252Fapp%252Fcomponents%252FDither.tsx+%255Bapp-client%255D+%2528ecmascript%2529:160:30)
    at update (http://localhost:3002/_next/static/chunks/node_modules_%40react-three_fiber_dist_0ihz_3s._.js:15260:26)
    at loop (http://localhost:3002/_next/static/chunks/node_modules_%40react-three_fiber_dist_0ihz_3s._.js:15286:23)
[   97453ms] TypeError: Cannot set properties of undefined (setting 'value')
    at DitheredWaves.useFrame [as current] (http://localhost:3002/_next/static/chunks/app_components_Dither_tsx_07v9lag._.js?id=%255Bproject%255D%252Fapp%252Fcomponents%252FDither.tsx+%255Bapp-client%255D+%2528ecmascript%2529:160:30)
    at update (http://localhost:3002/_next/static/chunks/node_modules_%40react-three_fiber_dist_0ihz_3s._.js:15260:26)
    at loop (http://localhost:3002/_next/static/chunks/node_modules_%40react-three_fiber_dist_0ihz_3s._.js:15286:23)
[   97467ms] TypeError: Cannot set properties of undefined (setting 'value')
    at DitheredWaves.useFrame [as current] (http://localhost:3002/_next/static/chunks/app_components_Dither_tsx_07v9lag._.js?id=%255Bproject%255D%252Fapp%252Fcomponents%252FDither.tsx+%255Bapp-client%255D+%2528ecmascript%2529:160:30)
    at update (http://localhost:3002/_next/static/chunks/node_modules_%40react-three_fiber_dist_0ihz_3s._.js:15260:26)
    at loop (http://localhost:3002/_next/static/chunks/node_modules_%40react-three_fiber_dist_0ihz_3s._.js:15286:23)
[   97480ms] TypeError: Cannot set properties of undefined (setting 'value')
    at DitheredWaves.useFrame [as current] (http://localhost:3002/_next/static/chunks/app_components_Dither_tsx_07v9lag._.js?id=%255Bproject%255D%252Fapp%252Fcomponents%252FDither.tsx+%255Bapp-client%255D+%2528ecmascript%2529:160:30)
    at update (http://localhost:3002/_next/static/chunks/node_modules_%40react-three_fiber_dist_0ihz_3s._.js:15260:26)
    at loop (http://localhost:3002/_next/static/chunks/node_modules_%40react-three_fiber_dist_0ihz_3s._.js:15286:23)
[   97493ms] TypeError: Cannot set properties of undefined (setting 'value')
    at DitheredWaves.useFrame [as current] (http://localhost:3002/_next/static/chunks/app_components_Dither_tsx_07v9lag._.js?id=%255Bproject%255D%252Fapp%252Fcomponents%252FDither.tsx+%255Bapp-client%255D+%2528ecmascript%2529:160:30)
    at update (http://localhost:3002/_next/static/chunks/node_modules_%40react-three_fiber_dist_0ihz_3s._.js:15260:26)
    at loop (http://localhost:3002/_next/static/chunks/node_modules_%40react-three_fiber_dist_0ihz_3s._.js:15286:23)
[   97506ms] TypeError: Cannot set properties of undefined (setting 'value')
    at DitheredWaves.useFrame [as current] (http://localhost:3002/_next/static/chunks/app_components_Dither_tsx_07v9lag._.js?id=%255Bproject%255D%252Fapp%252Fcomponents%252FDither.tsx+%255Bapp-client%255D+%2528ecmascript%2529:160:30)
    at update (http://localhost:3002/_next/static/chunks/node_modules_%40react-three_fiber_dist_0ihz_3s._.js:15260:26)
    at loop (http://localhost:3002/_next/static/chunks/node_modules_%40react-three_fiber_dist_0ihz_3s._.js:15286:23)
[   97520ms] TypeError: Cannot set properties of undefined (setting 'value')
    at DitheredWaves.useFrame [as current] (http://localhost:3002/_next/static/chunks/app_components_Dither_tsx_07v9lag._.js?id=%255Bproject%255D%252Fapp%252Fcomponents%252FDither.tsx+%255Bapp-client%255D+%2528ecmascript%2529:160:30)
    at update (http://localhost:3002/_next/static/chunks/node_modules_%40react-three_fiber_dist_0ihz_3s._.js:15260:26)
    at loop (http://localhost:3002/_next/static/chunks/node_modules_%40react-three_fiber_dist_0ihz_3s._.js:15286:23)
[   97533ms] TypeError: Cannot set properties of undefined (setting 'value')
    at DitheredWaves.useFrame [as current] (http://localhost:3002/_next/static/chunks/app_components_Dither_tsx_07v9lag._.js?id=%255Bproject%255D%252Fapp%252Fcomponents%252FDither.tsx+%255Bapp-client%255D+%2528ecmascript%2529:160:30)
    at update (http://localhost:3002/_next/static/chunks/node_modules_%40react-three_fiber_dist_0ihz_3s._.js:15260:26)
    at loop (http://localhost:3002/_next/static/chunks/node_modules_%40react-three_fiber_dist_0ihz_3s._.js:15286:23)
[   97546ms] TypeError: Cannot set properties of undefined (setting 'value')
    at DitheredWaves.useFrame [as current] (http://localhost:3002/_next/static/chunks/app_components_Dither_tsx_07v9lag._.js?id=%255Bproject%255D%252Fapp%252Fcomponents%252FDither.tsx+%255Bapp-client%255D+%2528ecmascript%2529:160:30)
    at update (http://localhost:3002/_next/static/chunks/node_modules_%40react-three_fiber_dist_0ihz_3s._.js:15260:26)
    at loop (http://localhost:3002/_next/static/chunks/node_modules_%40react-three_fiber_dist_0ihz_3s._.js:15286:23)
[   97559ms] TypeError: Cannot set properties of undefined (setting 'value')
    at DitheredWaves.useFrame [as current] (http://localhost:3002/_next/static/chunks/app_components_Dither_tsx_07v9lag._.js?id=%255Bproject%255D%252Fapp%252Fcomponents%252FDither.tsx+%255Bapp-client%255D+%2528ecmascript%2529:160:30)
    at update (http://localhost:3002/_next/static/chunks/node_modules_%40react-three_fiber_dist_0ihz_3s._.js:15260:26)
    at loop (http://localhost:3002/_next/static/chunks/node_modules_%40react-three_fiber_dist_0ihz_3s._.js:15286:23)
[   97574ms] TypeError: Cannot set properties of undefined (setting 'value')
    at DitheredWaves.useFrame [as current] (http://localhost:3002/_next/static/chunks/app_components_Dither_tsx_07v9lag._.js?id=%255Bproject%255D%252Fapp%252Fcomponents%252FDither.tsx+%255Bapp-client%255D+%2528ecmascript%2529:160:30)
    at update (http://localhost:3002/_next/static/chunks/node_modules_%40react-three_fiber_dist_0ihz_3s._.js:15260:26)
    at loop (http://localhost:3002/_next/static/chunks/node_modules_%40react-three_fiber_dist_0ihz_3s._.js:15286:23)
[   97586ms] TypeError: Cannot set properties of undefined (setting 'value')
    at DitheredWaves.useFrame [as current] (http://localhost:3002/_next/static/chunks/app_components_Dither_tsx_07v9lag._.js?id=%255Bproject%255D%252Fapp%252Fcomponents%252FDither.tsx+%255Bapp-client%255D+%2528ecmascript%2529:160:30)
    at update (http://localhost:3002/_next/static/chunks/node_modules_%40react-three_fiber_dist_0ihz_3s._.js:15260:26)
    at loop (http://localhost:3002/_next/static/chunks/node_modules_%40react-three_fiber_dist_0ihz_3s._.js:15286:23)
[   97601ms] TypeError: Cannot set properties of undefined (setting 'value')
    at DitheredWaves.useFrame [as current] (http://localhost:3002/_next/static/chunks/app_components_Dither_tsx_07v9lag._.js?id=%255Bproject%255D%252Fapp%252Fcomponents%252FDither.tsx+%255Bapp-client%255D+%2528ecmascript%2529:160:30)
    at update (http://localhost:3002/_next/static/chunks/node_modules_%40react-three_fiber_dist_0ihz_3s._.js:15260:26)
    at loop (http://localhost:3002/_next/static/chunks/node_modules_%40react-three_fiber_dist_0ihz_3s._.js:15286:23)
[   97613ms] TypeError: Cannot set properties of undefined (setting 'value')
    at DitheredWaves.useFrame [as current] (http://localhost:3002/_next/static/chunks/app_components_Dither_tsx_07v9lag._.js?id=%255Bproject%255D%252Fapp%252Fcomponents%252FDither.tsx+%255Bapp-client%255D+%2528ecmascript%2529:160:30)
    at update (http://localhost:3002/_next/static/chunks/node_modules_%40react-three_fiber_dist_0ihz_3s._.js:15260:26)
    at loop (http://localhost:3002/_next/static/chunks/node_modules_%40react-three_fiber_dist_0ihz_3s._.js:15286:23)
[   97627ms] TypeError: Cannot set properties of undefined (setting 'value')
    at DitheredWaves.useFrame [as current] (http://localhost:3002/_next/static/chunks/app_components_Dither_tsx_07v9lag._.js?id=%255Bproject%255D%252Fapp%252Fcomponents%252FDither.tsx+%255Bapp-client%255D+%2528ecmascript%2529:160:30)
    at update (http://localhost:3002/_next/static/chunks/node_modules_%40react-three_fiber_dist_0ihz_3s._.js:15260:26)
    at loop (http://localhost:3002/_next/static/chunks/node_modules_%40react-three_fiber_dist_0ihz_3s._.js:15286:23)
[   97641ms] TypeError: Cannot set properties of undefined (setting 'value')
    at DitheredWaves.useFrame [as current] (http://localhost:3002/_next/static/chunks/app_components_Dither_tsx_07v9lag._.js?id=%255Bproject%255D%252Fapp%252Fcomponents%252FDither.tsx+%255Bapp-client%255D+%2528ecmascript%2529:160:30)
    at update (http://localhost:3002/_next/static/chunks/node_modules_%40react-three_fiber_dist_0ihz_3s._.js:15260:26)
    at loop (http://localhost:3002/_next/static/chunks/node_modules_%40react-three_fiber_dist_0ihz_3s._.js:15286:23)
[   97654ms] TypeError: Cannot set properties of undefined (setting 'value')
    at DitheredWaves.useFrame [as current] (http://localhost:3002/_next/static/chunks/app_components_Dither_tsx_07v9lag._.js?id=%255Bproject%255D%252Fapp%252Fcomponents%252FDither.tsx+%255Bapp-client%255D+%2528ecmascript%2529:160:30)
    at update (http://localhost:3002/_next/static/chunks/node_modules_%40react-three_fiber_dist_0ihz_3s._.js:15260:26)
    at loop (http://localhost:3002/_next/static/chunks/node_modules_%40react-three_fiber_dist_0ihz_3s._.js:15286:23)
[   97667ms] TypeError: Cannot set properties of undefined (setting 'value')
    at DitheredWaves.useFrame [as current] (http://localhost:3002/_next/static/chunks/app_components_Dither_tsx_07v9lag._.js?id=%255Bproject%255D%252Fapp%252Fcomponents%252FDither.tsx+%255Bapp-client%255D+%2528ecmascript%2529:160:30)
    at update (http://localhost:3002/_next/static/chunks/node_modules_%40react-three_fiber_dist_0ihz_3s._.js:15260:26)
    at loop (http://localhost:3002/_next/static/chunks/node_modules_%40react-three_fiber_dist_0ihz_3s._.js:15286:23)
[   97681ms] TypeError: Cannot set properties of undefined (setting 'value')
    at DitheredWaves.useFrame [as current] (http://localhost:3002/_next/static/chunks/app_components_Dither_tsx_07v9lag._.js?id=%255Bproject%255D%252Fapp%252Fcomponents%252FDither.tsx+%255Bapp-client%255D+%2528ecmascript%2529:160:30)
    at update (http://localhost:3002/_next/static/chunks/node_modules_%40react-three_fiber_dist_0ihz_3s._.js:15260:26)
    at loop (http://localhost:3002/_next/static/chunks/node_modules_%40react-three_fiber_dist_0ihz_3s._.js:15286:23)
[   97693ms] TypeError: Cannot set properties of undefined (setting 'value')
    at DitheredWaves.useFrame [as current] (http://localhost:3002/_next/static/chunks/app_components_Dither_tsx_07v9lag._.js?id=%255Bproject%255D%252Fapp%252Fcomponents%252FDither.tsx+%255Bapp-client%255D+%2528ecmascript%2529:160:30)
    at update (http://localhost:3002/_next/static/chunks/node_modules_%40react-three_fiber_dist_0ihz_3s._.js:15260:26)
    at loop (http://localhost:3002/_next/static/chunks/node_modules_%40react-three_fiber_dist_0ihz_3s._.js:15286:23)
[   97707ms] TypeError: Cannot set properties of undefined (setting 'value')
    at DitheredWaves.useFrame [as current] (http://localhost:3002/_next/static/chunks/app_components_Dither_tsx_07v9lag._.js?id=%255Bproject%255D%252Fapp%252Fcomponents%252FDither.tsx+%255Bapp-client%255D+%2528ecmascript%2529:160:30)
    at update (http://localhost:3002/_next/static/chunks/node_modules_%40react-three_fiber_dist_0ihz_3s._.js:15260:26)
    at loop (http://localhost:3002/_next/static/chunks/node_modules_%40react-three_fiber_dist_0ihz_3s._.js:15286:23)
[   97720ms] TypeError: Cannot set properties of undefined (setting 'value')
    at DitheredWaves.useFrame [as current] (http://localhost:3002/_next/static/chunks/app_components_Dither_tsx_07v9lag._.js?id=%255Bproject%255D%252Fapp%252Fcomponents%252FDither.tsx+%255Bapp-client%255D+%2528ecmascript%2529:160:30)
    at update (http://localhost:3002/_next/static/chunks/node_modules_%40react-three_fiber_dist_0ihz_3s._.js:15260:26)
    at loop (http://localhost:3002/_next/static/chunks/node_modules_%40react-three_fiber_dist_0ihz_3s._.js:15286:23)
[   97734ms] TypeError: Cannot set properties of undefined (setting 'value')
    at DitheredWaves.useFrame [as current] (http://localhost:3002/_next/static/chunks/app_components_Dither_tsx_07v9lag._.js?id=%255Bproject%255D%252Fapp%252Fcomponents%252FDither.tsx+%255Bapp-client%255D+%2528ecmascript%2529:160:30)
    at update (http://localhost:3002/_next/static/chunks/node_modules_%40react-three_fiber_dist_0ihz_3s._.js:15260:26)
    at loop (http://localhost:3002/_next/static/chunks/node_modules_%40react-three_fiber_dist_0ihz_3s._.js:15286:23)
[   97747ms] TypeError: Cannot set properties of undefined (setting 'value')
    at DitheredWaves.useFrame [as current] (http://localhost:3002/_next/static/chunks/app_components_Dither_tsx_07v9lag._.js?id=%255Bproject%255D%252Fapp%252Fcomponents%252FDither.tsx+%255Bapp-client%255D+%2528ecmascript%2529:160:30)
    at update (http://localhost:3002/_next/static/chunks/node_modules_%40react-three_fiber_dist_0ihz_3s._.js:15260:26)
    at loop (http://localhost:3002/_next/static/chunks/node_modules_%40react-three_fiber_dist_0ihz_3s._.js:15286:23)
[   97761ms] TypeError: Cannot set properties of undefined (setting 'value')
    at DitheredWaves.useFrame [as current] (http://localhost:3002/_next/static/chunks/app_components_Dither_tsx_07v9lag._.js?id=%255Bproject%255D%252Fapp%252Fcomponents%252FDither.tsx+%255Bapp-client%255D+%2528ecmascript%2529:160:30)
    at update (http://localhost:3002/_next/static/chunks/node_modules_%40react-three_fiber_dist_0ihz_3s._.js:15260:26)
    at loop (http://localhost:3002/_next/static/chunks/node_modules_%40react-three_fiber_dist_0ihz_3s._.js:15286:23)
[   97775ms] TypeError: Cannot set properties of undefined (setting 'value')
    at DitheredWaves.useFrame [as current] (http://localhost:3002/_next/static/chunks/app_components_Dither_tsx_07v9lag._.js?id=%255Bproject%255D%252Fapp%252Fcomponents%252FDither.tsx+%255Bapp-client%255D+%2528ecmascript%2529:160:30)
    at update (http://localhost:3002/_next/static/chunks/node_modules_%40react-three_fiber_dist_0ihz_3s._.js:15260:26)
    at loop (http://localhost:3002/_next/static/chunks/node_modules_%40react-three_fiber_dist_0ihz_3s._.js:15286:23)
[   97841ms] [WARNING] THREE.Clock: This module has been deprecated. Please use THREE.Timer instead. @ http://localhost:3002/_next/static/chunks/node_modules_next_dist_1ybzpk2._.js:2477
[   97883ms] [LOG] [Fast Refresh] rebuilding @ http://localhost:3002/_next/static/chunks/node_modules_next_dist_1ybzpk2._.js:2477
[   97883ms] [LOG] [Fast Refresh] done in 116ms @ http://localhost:3002/_next/static/chunks/node_modules_next_dist_1ybzpk2._.js:2477
[   98343ms] [LOG] THREE.WebGLRenderer: Context Lost. @ http://localhost:3002/_next/static/chunks/node_modules_next_dist_1ybzpk2._.js:2477
[  128743ms] [ERROR] WebSocket connection to 'ws://localhost:3002/_next/webpack-hmr?id=mhbzRqznDazB6at1EUnr5' failed: Error in connection establishment: net::ERR_CONNECTION_REFUSED @ http://localhost:3002/_next/static/chunks/node_modules_next_dist_client_0r5nbpw._.js:13422
[  132086ms] [ERROR] WebSocket connection to 'ws://localhost:3002/_next/webpack-hmr?id=mhbzRqznDazB6at1EUnr5' failed: Error in connection establishment: net::ERR_CONNECTION_REFUSED @ http://localhost:3002/_next/static/chunks/node_modules_next_dist_client_0r5nbpw._.js:13422
[  135423ms] [ERROR] WebSocket connection to 'ws://localhost:3002/_next/webpack-hmr?id=mhbzRqznDazB6at1EUnr5' failed: Error in connection establishment: net::ERR_CONNECTION_REFUSED @ http://localhost:3002/_next/static/chunks/node_modules_next_dist_client_0r5nbpw._.js:13422
[  138758ms] [ERROR] WebSocket connection to 'ws://localhost:3002/_next/webpack-hmr?id=mhbzRqznDazB6at1EUnr5' failed: Error in connection establishment: net::ERR_CONNECTION_REFUSED @ http://localhost:3002/_next/static/chunks/node_modules_next_dist_client_0r5nbpw._.js:13422
[  142094ms] [ERROR] WebSocket connection to 'ws://localhost:3002/_next/webpack-hmr?id=mhbzRqznDazB6at1EUnr5' failed: Error in connection establishment: net::ERR_CONNECTION_REFUSED @ http://localhost:3002/_next/static/chunks/node_modules_next_dist_client_0r5nbpw._.js:13422
[  149436ms] [ERROR] WebSocket connection to 'ws://localhost:3002/_next/webpack-hmr?id=mhbzRqznDazB6at1EUnr5' failed: Error in connection establishment: net::ERR_CONNECTION_REFUSED @ http://localhost:3002/_next/static/chunks/node_modules_next_dist_client_0r5nbpw._.js:13422
[  156784ms] [ERROR] WebSocket connection to 'ws://localhost:3002/_next/webpack-hmr?id=mhbzRqznDazB6at1EUnr5' failed: Error in connection establishment: net::ERR_CONNECTION_REFUSED @ http://localhost:3002/_next/static/chunks/node_modules_next_dist_client_0r5nbpw._.js:13422
[  164126ms] [ERROR] WebSocket connection to 'ws://localhost:3002/_next/webpack-hmr?id=mhbzRqznDazB6at1EUnr5' failed: Error in connection establishment: net::ERR_CONNECTION_REFUSED @ http://localhost:3002/_next/static/chunks/node_modules_next_dist_client_0r5nbpw._.js:13422
[  171484ms] [ERROR] WebSocket connection to 'ws://localhost:3002/_next/webpack-hmr?id=mhbzRqznDazB6at1EUnr5' failed: Error in connection establishment: net::ERR_CONNECTION_REFUSED @ http://localhost:3002/_next/static/chunks/node_modules_next_dist_client_0r5nbpw._.js:13422
[  178831ms] [ERROR] WebSocket connection to 'ws://localhost:3002/_next/webpack-hmr?id=mhbzRqznDazB6at1EUnr5' failed: Error in connection establishment: net::ERR_CONNECTION_REFUSED @ http://localhost:3002/_next/static/chunks/node_modules_next_dist_client_0r5nbpw._.js:13422
[  186194ms] [ERROR] WebSocket connection to 'ws://localhost:3002/_next/webpack-hmr?id=mhbzRqznDazB6at1EUnr5' failed: Error in connection establishment: net::ERR_CONNECTION_REFUSED @ http://localhost:3002/_next/static/chunks/node_modules_next_dist_client_0r5nbpw._.js:13422
[  193545ms] [ERROR] WebSocket connection to 'ws://localhost:3002/_next/webpack-hmr?id=mhbzRqznDazB6at1EUnr5' failed: Error in connection establishment: net::ERR_CONNECTION_REFUSED @ http://localhost:3002/_next/static/chunks/node_modules_next_dist_client_0r5nbpw._.js:13422
